\BOOKMARK [0][-]{chapter.1}{\376\377\000D\000e\000s\000k\000r\000i\000p\000s\000i\000\040\000P\000e\000r\000s\000o\000a\000l\000a\000n}{}% 1
\BOOKMARK [1][-]{section.1.1}{\376\377\000L\000a\000t\000a\000r\000\040\000B\000e\000l\000a\000k\000a\000n\000g}{chapter.1}% 2
\BOOKMARK [1][-]{section.1.2}{\376\377\000T\000u\000j\000u\000a\000n}{chapter.1}% 3
\BOOKMARK [1][-]{section.1.3}{\376\377\000D\000a\000t\000a\000s\000e\000t\000\040\000d\000a\000n\000\040\000R\000u\000a\000n\000g\000\040\000L\000i\000n\000g\000k\000u\000p}{chapter.1}% 4
\BOOKMARK [2][-]{subsection.1.3.1}{\376\377\000I\000n\000t\000e\000l\000\040\000I\000m\000a\000g\000e\000\040\000C\000l\000a\000s\000s\000i\000f\000i\000c\000a\000t\000i\000o\000n\000\040\000\050\000C\000N\000N\000\051}{section.1.3}% 5
\BOOKMARK [2][-]{subsection.1.3.2}{\376\377\000F\000l\000i\000c\000k\000r\0008\000k\000\040\000\050\000R\000N\000N\000/\000L\000S\000T\000M\000\040\000C\000a\000p\000t\000i\000o\000n\000i\000n\000g\000\051}{section.1.3}% 6
\BOOKMARK [1][-]{section.1.4}{\376\377\000B\000a\000t\000a\000s\000a\000n\000\040\000I\000m\000p\000l\000e\000m\000e\000n\000t\000a\000s\000i}{chapter.1}% 7
\BOOKMARK [0][-]{chapter.2}{\376\377\000P\000e\000m\000b\000a\000h\000a\000s\000a\000n}{}% 8
\BOOKMARK [1][-]{section.2.1}{\376\377\000P\000e\000n\000j\000e\000l\000a\000s\000a\000n\000\040\000I\000m\000p\000l\000e\000m\000e\000n\000t\000a\000s\000i}{chapter.2}% 9
\BOOKMARK [2][-]{subsection.2.1.1}{\376\377\000S\000t\000r\000u\000k\000t\000u\000r\000\040\000P\000r\000o\000y\000e\000k}{section.2.1}% 10
\BOOKMARK [2][-]{subsection.2.1.2}{\376\377\000I\000m\000p\000l\000e\000m\000e\000n\000t\000a\000s\000i\000\040\000C\000N\000N}{section.2.1}% 11
\BOOKMARK [2][-]{subsection.2.1.3}{\376\377\000I\000m\000p\000l\000e\000m\000e\000n\000t\000a\000s\000i\000\040\000C\000a\000p\000t\000i\000o\000n\000i\000n\000g\000\040\000\050\000R\000N\000N\000/\000L\000S\000T\000M\000\051}{section.2.1}% 12
\BOOKMARK [1][-]{section.2.2}{\376\377\000P\000e\000n\000j\000e\000l\000a\000s\000a\000n\000\040\000F\000o\000r\000w\000a\000r\000d\000\040\000P\000r\000o\000p\000a\000g\000a\000t\000i\000o\000n}{chapter.2}% 13
\BOOKMARK [2][-]{subsection.2.2.1}{\376\377\000F\000o\000r\000w\000a\000r\000d\000\040\000P\000r\000o\000p\000a\000g\000a\000t\000i\000o\000n\000\040\000C\000N\000N}{section.2.2}% 14
\BOOKMARK [2][-]{subsection.2.2.2}{\376\377\000F\000o\000r\000w\000a\000r\000d\000\040\000P\000r\000o\000p\000a\000g\000a\000t\000i\000o\000n\000\040\000R\000N\000N}{section.2.2}% 15
\BOOKMARK [2][-]{subsection.2.2.3}{\376\377\000F\000o\000r\000w\000a\000r\000d\000\040\000P\000r\000o\000p\000a\000g\000a\000t\000i\000o\000n\000\040\000L\000S\000T\000M}{section.2.2}% 16
\BOOKMARK [2][-]{subsection.2.2.4}{\376\377\000D\000i\000a\000g\000r\000a\000m\000\040\000E\000n\000c\000o\000d\000e\000r\000-\000D\000e\000c\000o\000d\000e\000r}{section.2.2}% 17
\BOOKMARK [1][-]{section.2.3}{\376\377\000I\000m\000p\000l\000e\000m\000e\000n\000t\000a\000s\000i\000\040\000B\000o\000n\000u\000s}{chapter.2}% 18
\BOOKMARK [2][-]{subsection.2.3.1}{\376\377\000B\000a\000t\000c\000h\000\040\000I\000n\000f\000e\000r\000e\000n\000c\000e}{section.2.3}% 19
\BOOKMARK [2][-]{subsection.2.3.2}{\376\377\000B\000a\000c\000k\000w\000a\000r\000d\000\040\000P\000r\000o\000p\000a\000g\000a\000t\000i\000o\000n}{section.2.3}% 20
\BOOKMARK [2][-]{subsection.2.3.3}{\376\377\000I\000n\000i\000t\000-\000I\000n\000j\000e\000c\000t\000\040\000C\000a\000p\000t\000i\000o\000n\000i\000n\000g}{section.2.3}% 21
\BOOKMARK [2][-]{subsection.2.3.4}{\376\377\000B\000e\000a\000m\000\040\000S\000e\000a\000r\000c\000h\000\040\000D\000e\000c\000o\000d\000e\000r}{section.2.3}% 22
\BOOKMARK [2][-]{subsection.2.3.5}{\376\377\000G\000r\000a\000d\000-\000C\000A\000M\000\040\000d\000a\000n\000\040\000F\000e\000a\000t\000u\000r\000e\000\040\000V\000i\000s\000u\000a\000l\000i\000z\000a\000t\000i\000o\000n}{section.2.3}% 23
\BOOKMARK [0][-]{chapter.3}{\376\377\000H\000a\000s\000i\000l\000\040\000P\000e\000n\000g\000u\000j\000i\000a\000n}{}% 24
\BOOKMARK [1][-]{section.3.1}{\376\377\000C\000N\000N}{chapter.3}% 25
\BOOKMARK [2][-]{subsection.3.1.1}{\376\377\000S\000e\000t\000u\000p\000\040\000E\000k\000s\000p\000e\000r\000i\000m\000e\000n}{section.3.1}% 26
\BOOKMARK [2][-]{subsection.3.1.2}{\376\377\000P\000e\000r\000b\000a\000n\000d\000i\000n\000g\000a\000n\000\040\000S\000h\000a\000r\000e\000d\000\040\000v\000s\000\040\000N\000o\000n\000-\000S\000h\000a\000r\000e\000d\000\040\000P\000a\000r\000a\000m\000e\000t\000e\000r}{section.3.1}% 27
\BOOKMARK [2][-]{subsection.3.1.3}{\376\377\000P\000e\000n\000g\000a\000r\000u\000h\000\040\000J\000u\000m\000l\000a\000h\000\040\000L\000a\000y\000e\000r\000\040\000K\000o\000n\000v\000o\000l\000u\000s\000i}{section.3.1}% 28
\BOOKMARK [2][-]{subsection.3.1.4}{\376\377\000P\000e\000n\000g\000a\000r\000u\000h\000\040\000B\000a\000n\000y\000a\000k\000\040\000F\000i\000l\000t\000e\000r\000\040\000p\000e\000r\000\040\000L\000a\000y\000e\000r}{section.3.1}% 29
\BOOKMARK [2][-]{subsection.3.1.5}{\376\377\000P\000e\000n\000g\000a\000r\000u\000h\000\040\000U\000k\000u\000r\000a\000n\000\040\000F\000i\000l\000t\000e\000r\000\040\000p\000e\000r\000\040\000L\000a\000y\000e\000r}{section.3.1}% 30
\BOOKMARK [2][-]{subsection.3.1.6}{\376\377\000P\000e\000n\000g\000a\000r\000u\000h\000\040\000J\000e\000n\000i\000s\000\040\000P\000o\000o\000l\000i\000n\000g\000\040\000L\000a\000y\000e\000r}{section.3.1}% 31
\BOOKMARK [2][-]{subsection.3.1.7}{\376\377\000P\000e\000r\000b\000a\000n\000d\000i\000n\000g\000a\000n\000\040\000K\000e\000r\000a\000s\000\040\000v\000s\000\040\000F\000r\000o\000m\000\040\000S\000c\000r\000a\000t\000c\000h\000\040\000\050\000A\000r\000s\000i\000t\000e\000k\000t\000u\000r\000\040\000T\000e\000r\000b\000a\000i\000k\000\051}{section.3.1}% 32
\BOOKMARK [1][-]{section.3.2}{\376\377\000S\000i\000m\000p\000l\000e\000\040\000R\000N\000N\000\040\000d\000a\000n\000\040\000L\000S\000T\000M\000\040\000u\000n\000t\000u\000k\000\040\000I\000m\000a\000g\000e\000\040\000C\000a\000p\000t\000i\000o\000n\000i\000n\000g}{chapter.3}% 33
\BOOKMARK [2][-]{subsection.3.2.1}{\376\377\000S\000e\000t\000u\000p\000\040\000E\000k\000s\000p\000e\000r\000i\000m\000e\000n}{section.3.2}% 34
\BOOKMARK [2][-]{subsection.3.2.2}{\376\377\000R\000u\000a\000n\000g\000\040\000V\000a\000r\000i\000a\000s\000i\000\040\000M\000o\000d\000e\000l\000\040\000D\000e\000c\000o\000d\000e\000r}{section.3.2}% 35
\BOOKMARK [2][-]{subsection.3.2.3}{\376\377\000H\000a\000s\000i\000l\000\040\000T\000r\000a\000i\000n\000i\000n\000g\000\040\000d\000a\000n\000\040\000V\000a\000l\000i\000d\000a\000s\000i\000\040\000\050\0001\0000\000\040\000E\000p\000o\000c\000h\000\051}{section.3.2}% 36
\BOOKMARK [2][-]{subsection.3.2.4}{\376\377\000E\000v\000a\000l\000u\000a\000s\000i\000\040\000K\000u\000a\000n\000t\000i\000t\000a\000t\000i\000f\000\040\000p\000a\000d\000a\000\040\000D\000a\000t\000a\000\040\000T\000e\000s\000t\000\040\000\050\000B\000L\000E\000U\000-\0004\000,\000\040\000M\000E\000T\000E\000O\000R\000,\000\040\000W\000a\000k\000t\000u\000\051}{section.3.2}% 37
\BOOKMARK [2][-]{subsection.3.2.5}{\376\377\000P\000e\000r\000b\000a\000n\000d\000i\000n\000g\000a\000n\000\040\000K\000e\000r\000a\000s\000\040\000v\000s\000\040\000F\000r\000o\000m\000\040\000S\000c\000r\000a\000t\000c\000h}{section.3.2}% 38
\BOOKMARK [2][-]{subsection.3.2.6}{\376\377\000A\000n\000a\000l\000i\000s\000i\000s\000\040\000K\000u\000a\000l\000i\000t\000a\000t\000i\000f\000\040\000\050\0001\0000\000\040\000C\000o\000n\000t\000o\000h\000\040\000G\000a\000m\000b\000a\000r\000\051}{section.3.2}% 39
\BOOKMARK [2][-]{subsection.3.2.7}{\376\377\000P\000e\000n\000g\000a\000r\000u\000h\000\040\000P\000a\000n\000j\000a\000n\000g\000\040\000M\000a\000k\000s\000i\000m\000u\000m\000\040\000C\000a\000p\000t\000i\000o\000n\000\040\000t\000e\000r\000h\000a\000d\000a\000p\000\040\000B\000L\000E\000U\000-\0004}{section.3.2}% 40
\BOOKMARK [1][-]{section.3.3}{\376\377\000H\000a\000s\000i\000l\000\040\000B\000o\000n\000u\000s}{chapter.3}% 41
\BOOKMARK [2][-]{subsection.3.3.1}{\376\377\000V\000i\000s\000u\000a\000l\000i\000s\000a\000s\000i\000\040\000G\000r\000a\000d\000-\000C\000A\000M}{section.3.3}% 42
\BOOKMARK [2][-]{subsection.3.3.2}{\376\377\000I\000n\000i\000t\000-\000I\000n\000j\000e\000c\000t\000\040\000v\000s\000\040\000P\000r\000e\000-\000I\000n\000j\000e\000c\000t}{section.3.3}% 43
\BOOKMARK [2][-]{subsection.3.3.3}{\376\377\000G\000r\000e\000e\000d\000y\000\040\000v\000s\000\040\000B\000e\000a\000m\000\040\000S\000e\000a\000r\000c\000h}{section.3.3}% 44
\BOOKMARK [1][-]{section.3.4}{\376\377\000R\000i\000n\000g\000k\000a\000s\000a\000n\000\040\000T\000e\000m\000u\000a\000n}{chapter.3}% 45
\BOOKMARK [2][-]{subsection.3.4.1}{\376\377\000C\000N\000N\000\040\000C\000l\000a\000s\000s\000i\000f\000i\000c\000a\000t\000i\000o\000n}{section.3.4}% 46
\BOOKMARK [2][-]{subsection.3.4.2}{\376\377\000I\000m\000a\000g\000e\000\040\000C\000a\000p\000t\000i\000o\000n\000i\000n\000g\000\040\000\050\000R\000N\000N\000/\000L\000S\000T\000M\000\051}{section.3.4}% 47
\BOOKMARK [2][-]{subsection.3.4.3}{\376\377\000K\000e\000s\000i\000m\000p\000u\000l\000a\000n\000\040\000U\000m\000u\000m}{section.3.4}% 48
\BOOKMARK [0][-]{chapter.4}{\376\377\000K\000e\000s\000i\000m\000p\000u\000l\000a\000n\000\040\000d\000a\000n\000\040\000S\000a\000r\000a\000n}{}% 49
\BOOKMARK [1][-]{section.4.1}{\376\377\000K\000e\000s\000i\000m\000p\000u\000l\000a\000n}{chapter.4}% 50
\BOOKMARK [1][-]{section.4.2}{\376\377\000S\000a\000r\000a\000n}{chapter.4}% 51
\BOOKMARK [0][-]{chapter.5}{\376\377\000P\000e\000m\000b\000a\000g\000i\000a\000n\000\040\000T\000u\000g\000a\000s}{}% 52
\BOOKMARK [0][-]{chapter*.42}{\376\377\000D\000a\000f\000t\000a\000r\000\040\000P\000u\000s\000t\000a\000k\000a}{}% 53
\BOOKMARK [0][-]{chapter.6}{\376\377\000L\000a\000m\000p\000i\000r\000a\000n}{}% 54
